[LOG] System::create                           : Header version = 2.02.04. Current version = 2.02.04.
[LOG] Manager::init                            : maxchannels = 256 studioflags = 00000006 flags 00000000 extradriverdata 0000000000000000.
[LOG] SystemI::init                            : Initialize version=20204 (121702), maxchannels=256, flags=0x00020000
[LOG] SystemI::setOutputInternal               : Setting output to 'FMOD WASAPI Output'
[LOG] OutputWASAPI::init                       : Mix Format (WAVEFORMATEX): wFormatTag=0xFFFE, nChannels=2, nSamplesPerSec=48000, nAvgBytesPerSec=384000, nBlockAlign=8, wBitsPerSample=32, cbSize=22.
[LOG] OutputWASAPI::init                       : Mix Format (WAVEFORMATEXTENSIBLE): wValidBitsPerSample=32, dwChannelMask=0x00000003, SubFormat=00000003-0000-0010-8000-00AA00389B71.
[LOG] OutputWASAPI::init                       : Output buffer size: 4096 samples, latency: 0.00ms, period: 10.00ms, DSP buffer: 1024 * 4
[LOG] Thread::initThread                       : Init FMOD stream thread. Affinity: 0x4000000000000003, Priority: 0xFFFF7FFB, Stack Size: 98304, Semaphore: No, Sleep Time: 10, Looping: Yes.
[LOG] Thread::initThread                       : Init FMOD mixer thread. Affinity: 0x4000000000000001, Priority: 0xFFFF7FFA, Stack Size: 81920, Semaphore: No, Sleep Time: 0, Looping: Yes.
[LOG] AsyncManager::init                       : manager 000002462558B868 isAsync 0 updatePeriod 0.02
[LOG] AsyncManager::init                       : done
[LOG] PlaybackSystem::init                     : 
[LOG] Thread::initThread                       : Init FMOD Studio sample load thread. Affinity: 0x4000000000000003, Priority: 0xFFFF7FFD, Stack Size: 98304, Semaphore: No, Sleep Time: 1, Looping: No.
[LOG] PlaybackSystem::init                     : done
[LOG] Thread::initThread                       : Init FMOD Studio bank load thread. Affinity: 0x4000000000000003, Priority: 0xFFFF7FFD, Stack Size: 98304, Semaphore: No, Sleep Time: 1, Looping: No.
[LOG] Manager::init                            : done.
[LOG] Manager::readBank                        : fileversion = 142, compatVersion = 140 (oldest = 44, newest = 141)
[LOG] Manager::readBank                        : fileversion = 142, compatVersion = 140 (oldest = 44, newest = 141)
[LOG] Manager::readBank                        : fileversion = 142, compatVersion = 140 (oldest = 44, newest = 141)
[LOG] PlaybackSystem::acquireMasterBus         : Setting master channel group format to 6
[LOG] Manager::readBank                        : fileversion = 142, compatVersion = 140 (oldest = 44, newest = 141)
[LOG] Manager::readBank                        : fileversion = 142, compatVersion = 140 (oldest = 44, newest = 141)
[LOG] Manager::readBank                        : fileversion = 142, compatVersion = 140 (oldest = 44, newest = 141)
[LOG] SystemI::createSound                     : filename = FmodProject/Second/Build/Desktop/Music.bank : mode 02010082
[LOG] SystemI::createSound                     : FMOD_NONBLOCKING specified.  Putting into queue to be opened asynchronously!
[LOG] Thread::initThread                       : Init FMOD nonblocking thread (0). Affinity: 0x4000000000000003, Priority: 0xFFFF7FFC, Stack Size: 114688, Semaphore: Yes, Sleep Time: 0, Looping: Yes.
[LOG] SystemI::createSound                     : setdata soundi = 000002486A1D1B88 : node = 00000245D4067A10
[LOG] SystemI::createSound                     : add node to async list : head = 00000245018F27D8.  list count = 0
[LOG] AsyncThread::threadFunc                  : Starting Asynchronous operation on sound 000002486A1D1B88
[LOG] SystemI::createSoundInternal             :     Create name='FmodProject/Second/Build/Desktop/Music.bank', mode=0x02010082
[LOG] SystemI::createSoundInternal             :     exinfo->cbsize             = 224
[LOG] SystemI::createSound                     :     filename = FmodProject/Second/Build/Desktop/Music.bank : mode 02010082
[LOG] SystemI::createSoundInternal             :     exinfo->length             = 2108832
[LOG] SystemI::createSound                     :     FMOD_NONBLOCKING specified.  Putting into queue to be opened asynchronously!
[LOG] SystemI::createSoundInternal             :     exinfo->fileoffset         = 2848
[LOG] SystemI::createSound                     :     setdata soundi = 000002486A1CF158 : node = 00000245D4067B50
[LOG] SystemI::createSoundInternal             :     exinfo->numsubsounds       = 1
[LOG] SystemI::createSound                     :     add node to async list : head = 00000245018F27D8.  list count = 0
[LOG] SystemI::createSoundInternal             :     exinfo->inclusionlist      = 00000245D4067B20
[LOG] SystemI::createSoundInternal             :     exinfo->inclusionlistnum   = 1
[LOG] SystemI::createSoundInternal             :     exinfo->suggestedsoundtype = 5
[LOG] SystemI::createSoundInternal             :     exinfo->initialseekposition = 10000
[LOG] SystemI::createSoundInternal             :     exinfo->initialseekpostype = 1
[LOG] SystemI::createSoundInternal             :     Create name='', mode=0x02000202
[LOG] SystemI::createSoundInternal             :     exinfo->cbsize             = 224
[LOG] SystemI::createSoundInternal             :     exinfo->length             = 3620256
[LOG] SystemI::createSoundInternal             :     exinfo->fileoffset         = 54336
[LOG] SystemI::createSoundInternal             :     exinfo->numsubsounds       = 1
[LOG] SystemI::createSoundInternal             :     exinfo->inclusionlist      = 000000BC9670EE58
[LOG] SystemI::createSoundInternal             :     exinfo->inclusionlistnum   = 1
[LOG] SystemI::createSoundInternal             :     exinfo->suggestedsoundtype = 5
[LOG] SystemI::createSoundInternal             :     exinfo->useropen           = 00007FFE3EA10AD0
[LOG] SystemI::createSoundInternal             :     exinfo->userclose          = 00007FFE3EA10AA0
[LOG] SystemI::createSoundInternal             :     exinfo->userread           = 00007FFE3EA10BA0
[LOG] SystemI::createSoundInternal             :     exinfo->userseek           = 00007FFE3EA10C60
[LOG] SystemI::createSoundInternal             :     exinfo->fileuserdata       = 000002479C12C4E8
[LOG] SystemI::createSoundInternal             :     exinfo->initialseekpostype = 1
[LOG] SystemI::createSoundInternal             :     Stream 0/1: name='suspense-dark-ambient-8413', format=5, channels=2, frequency=48000, lengthbytes=2107456, lengthpcm=7421701, pcmblocksize=0, loopstart=0, loopend=0, mode=0x00000000, channelmask=0x00000000, channelorder=0, peakvolume=0.793640.
[LOG] SystemI::DSPCodecPoolRegister            :     register codec pool for pool type 5
[LOG] SystemI::createSoundInternal             :     Sample 0/1: name='BruitCoursePiedNu2', format=5, channels=2, frequency=48000, lengthbytes=53952, lengthpcm=252288, pcmblocksize=0, loopstart=0, loopend=0, mode=0x00000000, channelmask=0x00000000, channelorder=0, peakvolume=0.466156.
[LOG] SystemI::createSoundInternal             :     Create name='', mode=0x02000202
[LOG] SystemI::createSoundInternal             :     exinfo->cbsize             = 224
[LOG] SystemI::createSoundInternal             :     exinfo->length             = 3620256
[LOG] SystemI::createSoundInternal             :     exinfo->fileoffset         = 54336
[LOG] SystemI::createSoundInternal             :     exinfo->numsubsounds       = 1
[LOG] SystemI::createSoundInternal             :     exinfo->inclusionlist      = 000000BC9670EE58
[LOG] SystemI::createSoundInternal             :     exinfo->inclusionlistnum   = 1
[LOG] SystemI::createSoundInternal             :     exinfo->suggestedsoundtype = 5
[LOG] SystemI::createSoundInternal             :     exinfo->useropen           = 00007FFE3EA10AD0
[LOG] SystemI::createSoundInternal             :     exinfo->userclose          = 00007FFE3EA10AA0
[LOG] SystemI::createSoundInternal             :     exinfo->userread           = 00007FFE3EA10BA0
[LOG] SystemI::createSoundInternal             :     exinfo->userseek           = 00007FFE3EA10C60
[LOG] SystemI::createSoundInternal             :     exinfo->fileuserdata       = 000002479C12C4E8
[LOG] SystemI::createSoundInternal             :     exinfo->initialseekpostype = 1
[LOG] SystemI::DSPCodecPoolRegister            :     register codec pool for pool type 5
[LOG] SystemI::createSoundInternal             :     Sample 0/1: name='PorteGrincante2', format=5, channels=2, frequency=48000, lengthbytes=10496, lengthpcm=39168, pcmblocksize=0, loopstart=0, loopend=0, mode=0x00000000, channelmask=0x00000000, channelorder=0, peakvolume=0.674194.
[LOG] SystemI::createSoundInternal             :     Create name='', mode=0x02000202
[LOG] SystemI::createSoundInternal             :     exinfo->cbsize             = 224
[LOG] SystemI::createSoundInternal             :     exinfo->length             = 3620256
[LOG] SystemI::createSoundInternal             :     exinfo->fileoffset         = 54336
[LOG] SystemI::createSoundInternal             :     exinfo->numsubsounds       = 1
[LOG] SystemI::createSoundInternal             :     exinfo->inclusionlist      = 000000BC9670EE58
[LOG] SystemI::createSoundInternal             :     exinfo->inclusionlistnum   = 1
[LOG] SystemI::createSoundInternal             :     exinfo->suggestedsoundtype = 5
[LOG] SystemI::createSoundInternal             :     exinfo->useropen           = 00007FFE3EA10AD0
[LOG] SystemI::createSoundInternal             :     exinfo->userclose          = 00007FFE3EA10AA0
[LOG] SystemI::createSoundInternal             :     exinfo->userread           = 00007FFE3EA10BA0
[LOG] SystemI::createSoundInternal             :     exinfo->userseek           = 00007FFE3EA10C60
[LOG] SystemI::createSoundInternal             :     exinfo->fileuserdata       = 000002479C12C4E8
[LOG] SystemI::createSoundInternal             :     exinfo->initialseekpostype = 1
[LOG] SystemI::DSPCodecPoolRegister            :     register codec pool for pool type 5
[LOG] SystemI::createSoundInternal             :     Sample 0/1: name='BruitCoursePiedNu3', format=5, channels=2, frequency=48000, lengthbytes=56224, lengthpcm=261504, pcmblocksize=0, loopstart=0, loopend=0, mode=0x00000000, channelmask=0x00000000, channelorder=0, peakvolume=0.465851.
[LOG] SystemI::createSoundInternal             :     Create name='', mode=0x02000202
[LOG] SystemI::createSoundInternal             :     exinfo->cbsize             = 224
[LOG] SystemI::createSoundInternal             :     exinfo->length             = 3620256
[LOG] SystemI::createSoundInternal             :     exinfo->fileoffset         = 54336
[LOG] SystemI::createSoundInternal             :     exinfo->numsubsounds       = 1
[LOG] SystemI::createSoundInternal             :     exinfo->inclusionlist      = 000000BC9670EE58
[LOG] SystemI::createSoundInternal             :     exinfo->inclusionlistnum   = 1
[LOG] SystemI::createSoundInternal             :     exinfo->suggestedsoundtype = 5
[LOG] SystemI::createSoundInternal             :     exinfo->useropen           = 00007FFE3EA10AD0
[LOG] SystemI::createSoundInternal             :     exinfo->userclose          = 00007FFE3EA10AA0
[LOG] SystemI::createSoundInternal             :     exinfo->userread           = 00007FFE3EA10BA0
[LOG] SystemI::createSoundInternal             :     exinfo->userseek           = 00007FFE3EA10C60
[LOG] SystemI::createSoundInternal             :     exinfo->fileuserdata       = 000002479C12C4E8
[LOG] SystemI::createSoundInternal             :     exinfo->initialseekpostype = 1
[LOG] SystemI::DSPCodecPoolRegister            :     register codec pool for pool type 5
[LOG] Thread::initThread                       :     Init FMOD file thread. Affinity: 0x4000000000000003, Priority: 0xFFFF7FFC, Stack Size: 65536, Semaphore: No, Sleep Time: 10, Looping: Yes.
[LOG] SystemI::createSoundInternal             :     Sample 0/1: name='sfx_footstep2', format=5, channels=2, frequency=48000, lengthbytes=3296, lengthpcm=15046, pcmblocksize=0, loopstart=0, loopend=0, mode=0x00000000, channelmask=0x00000000, channelorder=0, peakvolume=0.118744.
[LOG] SystemI::createSoundInternal             :     Create name='', mode=0x02000202
[LOG] SystemI::createSoundInternal             :     exinfo->cbsize             = 224
[LOG] SystemI::createSoundInternal             :     exinfo->length             = 3620256
[LOG] SystemI::createSoundInternal             :     exinfo->fileoffset         = 54336
[LOG] SystemI::createSoundInternal             :     exinfo->numsubsounds       = 1
[LOG] SystemI::createSoundInternal             :     exinfo->inclusionlist      = 000000BC9670EE58
[LOG] SystemI::createSoundInternal             :     exinfo->inclusionlistnum   = 1
[LOG] SystemI::createSoundInternal             :     exinfo->suggestedsoundtype = 5
[LOG] SystemI::createSoundInternal             :     exinfo->useropen           = 00007FFE3EA10AD0
[LOG] SystemI::createSoundInternal             :     exinfo->userclose          = 00007FFE3EA10AA0
[LOG] SystemI::createSoundInternal             :     exinfo->userread           = 00007FFE3EA10BA0
[LOG] SystemI::createSoundInternal             :     exinfo->userseek           = 00007FFE3EA10C60
[LOG] SystemI::createSoundInternal             :     exinfo->fileuserdata       = 000002479C12C4E8
[LOG] SystemI::createSoundInternal             :     exinfo->initialseekpostype = 1
[LOG] SystemI::DSPCodecPoolRegister            :     register codec pool for pool type 5
[LOG] SystemI::createSoundInternal             :     Sample 0/1: name='BruyantBruitSourd', format=5, channels=2, frequency=48000, lengthbytes=14240, lengthpcm=76032, pcmblocksize=0, loopstart=0, loopend=0, mode=0x00000000, channelmask=0x00000000, channelorder=0, peakvolume=0.795929.
[LOG] SystemI::createSoundInternal             :     Create name='', mode=0x02000202
[LOG] SystemI::createSoundInternal             :     exinfo->cbsize             = 224
[LOG] SystemI::createSoundInternal             :     exinfo->length             = 3620256
[LOG] SystemI::createSoundInternal             :     exinfo->fileoffset         = 54336
[LOG] SystemI::createSoundInternal             :     exinfo->numsubsounds       = 1
[LOG] SystemI::createSoundInternal             :     exinfo->inclusionlist      = 000000BC9670EE58
[LOG] SystemI::createSoundInternal             :     exinfo->inclusionlistnum   = 1
[LOG] SystemI::createSoundInternal             :     exinfo->suggestedsoundtype = 5
[LOG] SystemI::createSoundInternal             :     exinfo->useropen           = 00007FFE3EA10AD0
[LOG] SystemI::createSoundInternal             :     exinfo->userclose          = 00007FFE3EA10AA0
[LOG] SystemI::createSoundInternal             :     exinfo->userread           = 00007FFE3EA10BA0
[LOG] SystemI::createSoundInternal             :     exinfo->userseek           = 00007FFE3EA10C60
[LOG] SystemI::createSoundInternal             :     exinfo->fileuserdata       = 000002479C12C4E8
[LOG] SystemI::createSoundInternal             :     exinfo->initialseekpostype = 1
[LOG] SystemI::DSPCodecPoolRegister            :     register codec pool for pool type 5
[LOG] SystemI::createSoundInternal             :     Sample 0/1: name='OuverturePorte', format=5, channels=2, frequency=48000, lengthbytes=14400, lengthpcm=52992, pcmblocksize=0, loopstart=0, loopend=0, mode=0x00000000, channelmask=0x00000000, channelorder=0, peakvolume=0.940216.
[LOG] SystemI::createSoundInternal             :     Create name='', mode=0x02000202
[LOG] SystemI::createSoundInternal             :     exinfo->cbsize             = 224
[LOG] SystemI::createSoundInternal             :     exinfo->length             = 3620256
[LOG] SystemI::createSoundInternal             :     exinfo->fileoffset         = 54336
[LOG] SystemI::createSoundInternal             :     exinfo->numsubsounds       = 1
[LOG] SystemI::createSoundInternal             :     exinfo->inclusionlist      = 000000BC9670EE58
[LOG] SystemI::createSoundInternal             :     exinfo->inclusionlistnum   = 1
[LOG] SystemI::createSoundInternal             :     exinfo->suggestedsoundtype = 5
[LOG] SystemI::createSoundInternal             :     exinfo->useropen           = 00007FFE3EA10AD0
[LOG] SystemI::createSoundInternal             :     exinfo->userclose          = 00007FFE3EA10AA0
[LOG] SystemI::createSoundInternal             :     exinfo->userread           = 00007FFE3EA10BA0
[LOG] SystemI::createSoundInternal             :     exinfo->userseek           = 00007FFE3EA10C60
[LOG] SystemI::createSoundInternal             :     exinfo->fileuserdata       = 000002479C12C4E8
[LOG] SystemI::createSoundInternal             :     exinfo->initialseekpostype = 1
[LOG] SystemI::DSPCodecPoolRegister            :     register codec pool for pool type 5
[LOG] SystemI::createSoundInternal             :     Sample 0/1: name='PorteGrincante1', format=5, channels=2, frequency=48000, lengthbytes=48704, lengthpcm=134784, pcmblocksize=0, loopstart=0, loopend=0, mode=0x00000000, channelmask=0x00000000, channelorder=0, peakvolume=0.723328.
[LOG] AsyncThread::threadFunc                  : Finished Asynchronous operation on sound 000002486A1D1B88
[LOG] AsyncThread::threadFunc                  : Starting Asynchronous operation on sound 000002486A1CF158
[LOG] SystemI::createSoundInternal             : Create name='', mode=0x02000202
[LOG] SystemI::createSoundInternal             :     Create name='FmodProject/Second/Build/Desktop/Music.bank', mode=0x02010082
[LOG] SystemI::createSoundInternal             :     exinfo->cbsize             = 224
[LOG] SystemI::createSoundInternal             :     exinfo->cbsize             = 224
[LOG] SystemI::createSoundInternal             :     exinfo->length             = 3620256
[LOG] SystemI::createSoundInternal             :     exinfo->length             = 2108832
[LOG] SystemI::createSoundInternal             :     exinfo->fileoffset         = 54336
[LOG] SystemI::createSoundInternal             :     exinfo->fileoffset         = 2848
[LOG] SystemI::createSoundInternal             :     exinfo->numsubsounds       = 1
[LOG] SystemI::createSoundInternal             :     exinfo->numsubsounds       = 1
[LOG] SystemI::createSoundInternal             :     exinfo->inclusionlist      = 000000BC9670EE58
[LOG] SystemI::createSoundInternal             :     exinfo->inclusionlist      = 00000245D4067C60
[LOG] SystemI::createSoundInternal             :     exinfo->inclusionlistnum   = 1
[LOG] SystemI::createSoundInternal             :     exinfo->inclusionlistnum   = 1
[LOG] SystemI::createSoundInternal             :     exinfo->suggestedsoundtype = 5
[LOG] SystemI::createSoundInternal             :     exinfo->suggestedsoundtype = 5
[LOG] SystemI::createSoundInternal             :     exinfo->useropen           = 00007FFE3EA10AD0
[LOG] SystemI::createSoundInternal             :     exinfo->initialseekposition = 10000
[LOG] SystemI::createSoundInternal             :     exinfo->userclose          = 00007FFE3EA10AA0
[LOG] SystemI::createSoundInternal             :     exinfo->initialseekpostype = 1
[LOG] SystemI::createSoundInternal             :     exinfo->userread           = 00007FFE3EA10BA0
[LOG] SystemI::createSoundInternal             :     exinfo->userseek           = 00007FFE3EA10C60
[LOG] SystemI::createSoundInternal             :     exinfo->fileuserdata       = 000002479C12C4E8
[LOG] SystemI::createSoundInternal             :     exinfo->initialseekpostype = 1
[LOG] SystemI::DSPCodecPoolRegister            :     register codec pool for pool type 5
[LOG] SystemI::createSoundInternal             :     Sample 0/1: name='Frottement1', format=5, channels=1, frequency=48000, lengthbytes=3328, lengthpcm=20736, pcmblocksize=0, loopstart=0, loopend=0, mode=0x00000000, channelmask=0x00000000, channelorder=0, peakvolume=0.691620.
[LOG] SystemI::createSoundInternal             :     Create name='', mode=0x02000202
[LOG] SystemI::createSoundInternal             :     exinfo->cbsize             = 224
[LOG] SystemI::createSoundInternal             :     exinfo->length             = 3620256
[LOG] SystemI::createSoundInternal             :     exinfo->fileoffset         = 54336
[LOG] SystemI::createSoundInternal             :     exinfo->numsubsounds       = 1
[LOG] SystemI::createSoundInternal             :     exinfo->inclusionlist      = 000000BC9670EE58
[LOG] SystemI::createSoundInternal             :     exinfo->inclusionlistnum   = 1
[LOG] SystemI::createSoundInternal             :     exinfo->suggestedsoundtype = 5
[LOG] SystemI::createSoundInternal             :     exinfo->useropen           = 00007FFE3EA10AD0
[LOG] SystemI::createSoundInternal             :     exinfo->userclose          = 00007FFE3EA10AA0
[LOG] SystemI::createSoundInternal             :     exinfo->userread           = 00007FFE3EA10BA0
[LOG] SystemI::createSoundInternal             :     exinfo->userseek           = 00007FFE3EA10C60
[LOG] SystemI::createSoundInternal             :     exinfo->fileuserdata       = 000002479C12C4E8
[LOG] SystemI::createSoundInternal             :     exinfo->initialseekpostype = 1
[LOG] SystemI::createSoundInternal             :     Stream 0/1: name='suspense-dark-ambient-8413', format=5, channels=2, frequency=48000, lengthbytes=2107456, lengthpcm=7421701, pcmblocksize=0, loopstart=0, loopend=0, mode=0x00000000, channelmask=0x00000000, channelorder=0, peakvolume=0.793640.
[LOG] SystemI::DSPCodecPoolRegister            :     register codec pool for pool type 5
[LOG] SystemI::createSoundInternal             :     Sample 0/1: name='sfx_footstep5', format=5, channels=2, frequency=48000, lengthbytes=2912, lengthpcm=12538, pcmblocksize=0, loopstart=0, loopend=0, mode=0x00000000, channelmask=0x00000000, channelorder=0, peakvolume=0.072388.
[LOG] SystemI::createSoundInternal             :     Create name='', mode=0x02000202
[LOG] SystemI::createSoundInternal             :     exinfo->cbsize             = 224
[LOG] SystemI::createSoundInternal             :     exinfo->length             = 3620256
[LOG] SystemI::createSoundInternal             :     exinfo->fileoffset         = 54336
[LOG] SystemI::createSoundInternal             :     exinfo->numsubsounds       = 1
[LOG] SystemI::createSoundInternal             :     exinfo->inclusionlist      = 000000BC9670EE58
[LOG] SystemI::createSoundInternal             :     exinfo->inclusionlistnum   = 1
[LOG] SystemI::createSoundInternal             :     exinfo->suggestedsoundtype = 5
[LOG] SystemI::createSoundInternal             :     exinfo->useropen           = 00007FFE3EA10AD0
[LOG] SystemI::createSoundInternal             :     exinfo->userclose          = 00007FFE3EA10AA0
[LOG] SystemI::createSoundInternal             :     exinfo->userread           = 00007FFE3EA10BA0
[LOG] SystemI::createSoundInternal             :     exinfo->userseek           = 00007FFE3EA10C60
[LOG] SystemI::createSoundInternal             :     exinfo->fileuserdata       = 000002479C12C4E8
[LOG] SystemI::createSoundInternal             :     exinfo->initialseekpostype = 1
[LOG] SystemI::DSPCodecPoolRegister            :     register codec pool for pool type 5
[LOG] SystemI::createSoundInternal             :     Sample 0/1: name='sfx_footstep1 (1)', format=5, channels=2, frequency=48000, lengthbytes=3552, lengthpcm=17554, pcmblocksize=0, loopstart=0, loopend=0, mode=0x00000000, channelmask=0x00000000, channelorder=0, peakvolume=0.111237.
[LOG] SystemI::createSoundInternal             :     Create name='', mode=0x02000202
[LOG] SystemI::createSoundInternal             :     exinfo->cbsize             = 224
[LOG] SystemI::createSoundInternal             :     exinfo->length             = 3620256
[LOG] SystemI::createSoundInternal             :     exinfo->fileoffset         = 54336
[LOG] SystemI::createSoundInternal             :     exinfo->numsubsounds       = 1
[LOG] SystemI::createSoundInternal             :     exinfo->inclusionlist      = 000000BC9670EE58
[LOG] SystemI::createSoundInternal             :     exinfo->inclusionlistnum   = 1
[LOG] SystemI::createSoundInternal             :     exinfo->suggestedsoundtype = 5
[LOG] SystemI::createSoundInternal             :     exinfo->useropen           = 00007FFE3EA10AD0
[LOG] SystemI::createSoundInternal             :     exinfo->userclose          = 00007FFE3EA10AA0
[LOG] SystemI::createSoundInternal             :     exinfo->userread           = 00007FFE3EA10BA0
[LOG] SystemI::createSoundInternal             :     exinfo->userseek           = 00007FFE3EA10C60
[LOG] SystemI::createSoundInternal             :     exinfo->fileuserdata       = 000002479C12C4E8
[LOG] SystemI::createSoundInternal             :     exinfo->initialseekpostype = 1
[LOG] SystemI::DSPCodecPoolRegister            :     register codec pool for pool type 5
[LOG] SystemI::createSoundInternal             :     Sample 0/1: name='Frottement3', format=5, channels=1, frequency=48000, lengthbytes=2880, lengthpcm=17280, pcmblocksize=0, loopstart=0, loopend=0, mode=0x00000000, channelmask=0x00000000, channelorder=0, peakvolume=0.712372.
[LOG] SystemI::createSoundInternal             :     Create name='', mode=0x02000202
[LOG] SystemI::createSoundInternal             :     exinfo->cbsize             = 224
[LOG] SystemI::createSoundInternal             :     exinfo->length             = 3620256
[LOG] SystemI::createSoundInternal             :     exinfo->fileoffset         = 54336
[LOG] SystemI::createSoundInternal             :     exinfo->numsubsounds       = 1
[LOG] SystemI::createSoundInternal             :     exinfo->inclusionlist      = 000000BC9670EE58
[LOG] SystemI::createSoundInternal             :     exinfo->inclusionlistnum   = 1
[LOG] SystemI::createSoundInternal             :     exinfo->suggestedsoundtype = 5
[LOG] SystemI::createSoundInternal             :     exinfo->useropen           = 00007FFE3EA10AD0
[LOG] SystemI::createSoundInternal             :     exinfo->userclose          = 00007FFE3EA10AA0
[LOG] SystemI::createSoundInternal             :     exinfo->userread           = 00007FFE3EA10BA0
[LOG] SystemI::createSoundInternal             :     exinfo->userseek           = 00007FFE3EA10C60
[LOG] SystemI::createSoundInternal             :     exinfo->fileuserdata       = 000002479C12C4E8
[LOG] SystemI::createSoundInternal             :     exinfo->initialseekpostype = 1
[LOG] SystemI::DSPCodecPoolRegister            :     register codec pool for pool type 5
[LOG] SystemI::createSoundInternal             :     Sample 0/1: name='sfx_footstep4', format=5, channels=2, frequency=48000, lengthbytes=3040, lengthpcm=15046, pcmblocksize=0, loopstart=0, loopend=0, mode=0x00000000, channelmask=0x00000000, channelorder=0, peakvolume=0.060944.
[LOG] SystemI::createSoundInternal             :     Create name='', mode=0x02000202
[LOG] SystemI::createSoundInternal             :     exinfo->cbsize             = 224
[LOG] SystemI::createSoundInternal             :     exinfo->length             = 3620256
[LOG] SystemI::createSoundInternal             :     exinfo->fileoffset         = 54336
[LOG] SystemI::createSoundInternal             :     exinfo->numsubsounds       = 1
[LOG] SystemI::createSoundInternal             :     exinfo->inclusionlist      = 000000BC9670EE58
[LOG] SystemI::createSoundInternal             :     exinfo->inclusionlistnum   = 1
[LOG] AsyncThread::threadFunc                  : Finished Asynchronous operation on sound 000002486A1CF158
[LOG] SystemI::createSoundInternal             : exinfo->suggestedsoundtype = 5
[LOG] SystemI::createSoundInternal             : exinfo->useropen           = 00007FFE3EA10AD0
[LOG] SystemI::createSoundInternal             : exinfo->userclose          = 00007FFE3EA10AA0
[LOG] SystemI::createSoundInternal             : exinfo->userread           = 00007FFE3EA10BA0
[LOG] SystemI::createSoundInternal             : exinfo->userseek           = 00007FFE3EA10C60
[LOG] SystemI::createSoundInternal             : exinfo->fileuserdata       = 000002479C12C4E8
[LOG] SystemI::createSoundInternal             : exinfo->initialseekpostype = 1
[LOG] SystemI::DSPCodecPoolRegister            : register codec pool for pool type 5
[LOG] SystemI::createSoundInternal             : Sample 0/1: name='Frottement2', format=5, channels=1, frequency=48000, lengthbytes=2560, lengthpcm=16128, pcmblocksize=0, loopstart=0, loopend=0, mode=0x00000000, channelmask=0x00000000, channelorder=0, peakvolume=0.731415.
[LOG] SystemI::createSoundInternal             : Create name='', mode=0x02000202
[LOG] SystemI::createSoundInternal             : exinfo->cbsize             = 224
[LOG] SystemI::createSoundInternal             : exinfo->length             = 3620256
[LOG] SystemI::createSoundInternal             : exinfo->fileoffset         = 54336
[LOG] SystemI::createSoundInternal             : exinfo->numsubsounds       = 1
[LOG] SystemI::createSoundInternal             : exinfo->inclusionlist      = 000000BC9670EE58
[LOG] SystemI::createSoundInternal             : exinfo->inclusionlistnum   = 1
[LOG] SystemI::createSoundInternal             : exinfo->suggestedsoundtype = 5
[LOG] SystemI::createSoundInternal             : exinfo->useropen           = 00007FFE3EA10AD0
[LOG] SystemI::createSoundInternal             : exinfo->userclose          = 00007FFE3EA10AA0
[LOG] SystemI::createSoundInternal             : exinfo->userread           = 00007FFE3EA10BA0
[LOG] SystemI::createSoundInternal             : exinfo->userseek           = 00007FFE3EA10C60
[LOG] SystemI::createSoundInternal             : exinfo->fileuserdata       = 000002479C12C4E8
[LOG] SystemI::createSoundInternal             : exinfo->initialseekpostype = 1
[LOG] SystemI::DSPCodecPoolRegister            : register codec pool for pool type 5
[LOG] SystemI::createSoundInternal             : Sample 0/1: name='BruitCoursePiedNu1', format=5, channels=2, frequency=48000, lengthbytes=54144, lengthpcm=271872, pcmblocksize=0, loopstart=0, loopend=0, mode=0x00000000, channelmask=0x00000000, channelorder=0, peakvolume=0.096893.
[LOG] SystemI::createSoundInternal             : Create name='', mode=0x02000202
[LOG] SystemI::createSoundInternal             : exinfo->cbsize             = 224
[LOG] SystemI::createSoundInternal             : exinfo->length             = 3620256
[LOG] SystemI::createSoundInternal             : exinfo->fileoffset         = 54336
[LOG] SystemI::createSoundInternal             : exinfo->numsubsounds       = 1
[LOG] SystemI::createSoundInternal             : exinfo->inclusionlist      = 000000BC9670EE58
[LOG] SystemI::createSoundInternal             : exinfo->inclusionlistnum   = 1
[LOG] SystemI::createSoundInternal             : exinfo->suggestedsoundtype = 5
[LOG] SystemI::createSoundInternal             : exinfo->useropen           = 00007FFE3EA10AD0
[LOG] SystemI::createSoundInternal             : exinfo->userclose          = 00007FFE3EA10AA0
[LOG] SystemI::createSoundInternal             : exinfo->userread           = 00007FFE3EA10BA0
[LOG] SystemI::createSoundInternal             : exinfo->userseek           = 00007FFE3EA10C60
[LOG] SystemI::createSoundInternal             : exinfo->fileuserdata       = 000002479C12C4E8
[LOG] SystemI::createSoundInternal             : exinfo->initialseekpostype = 1
[LOG] SystemI::DSPCodecPoolRegister            : register codec pool for pool type 5
[LOG] SystemI::createSoundInternal             : Sample 0/1: name='PorteGrincante3', format=5, channels=2, frequency=48000, lengthbytes=15520, lengthpcm=43776, pcmblocksize=0, loopstart=0, loopend=0, mode=0x00000000, channelmask=0x00000000, channelorder=0, peakvolume=0.714264.
[LOG] SoundI::release                          : suspense-dark-ambient-8413 (000002486A1D1B88)
[LOG] SoundI::release                          :     suspense-dark-ambient-8413 (000002452AEE2578)
[LOG] SoundI::release                          :     suspense-dark-ambient-8413 (0000024692FCD7B8)
[LOG] SystemI::createSound                     : filename = FmodProject/Second/Build/Desktop/Sounds.bank : mode 02010082
[LOG] SystemI::createSound                     : FMOD_NONBLOCKING specified.  Putting into queue to be opened asynchronously!
[LOG] SystemI::createSound                     : setdata soundi = 000002498511F4E8 : node = 000002494F7AA710
[LOG] SystemI::createSound                     : add node to async list : head = 00000245018F27D8.  list count = 0
[LOG] SystemI::createSound                     : filename = FmodProject/Second/Build/Desktop/Sounds.bank : mode 02010082
[LOG] AsyncThread::threadFunc                  : Starting Asynchronous operation on sound 000002498511F4E8
[LOG] SystemI::createSound                     : FMOD_NONBLOCKING specified.  Putting into queue to be opened asynchronously!
[LOG] SystemI::createSoundInternal             :     Create name='FmodProject/Second/Build/Desktop/Sounds.bank', mode=0x02010082
[LOG] SystemI::createSound                     :     setdata soundi = 000002498511EAC8 : node = 000002494F7AAC10
[LOG] SystemI::createSoundInternal             :     exinfo->cbsize             = 224
[LOG] SystemI::createSound                     :     add node to async list : head = 00000245018F27D8.  list count = 0
[LOG] SystemI::createSoundInternal             :     exinfo->length             = 3620256
[LOG] SystemI::createSoundInternal             :     exinfo->fileoffset         = 54336
[LOG] SystemI::createSound                     :     filename = FmodProject/Second/Build/Desktop/Sounds.bank : mode 02010082
[LOG] SystemI::createSoundInternal             :     exinfo->numsubsounds       = 1
[LOG] SystemI::createSound                     :     FMOD_NONBLOCKING specified.  Putting into queue to be opened asynchronously!
[LOG] SystemI::createSoundInternal             :     exinfo->inclusionlist      = 000002494F7AA820
[LOG] SystemI::createSound                     :     setdata soundi = 000002498511F698 : node = 000002494F7AAD50
[LOG] SystemI::createSoundInternal             :     exinfo->inclusionlistnum   = 1
[LOG] SystemI::createSound                     :     add node to async list : head = 00000245018F27D8.  list count = 1
[LOG] SystemI::createSoundInternal             :     exinfo->suggestedsoundtype = 5
[LOG] SystemI::createSoundInternal             :     exinfo->initialseekposition = 37500
[LOG] SystemI::createSound                     :     filename = FmodProject/Second/Build/Desktop/Sounds.bank : mode 02010082
[LOG] SystemI::createSoundInternal             :     exinfo->initialseekpostype = 1
[LOG] SystemI::createSound                     :     FMOD_NONBLOCKING specified.  Putting into queue to be opened asynchronously!
[LOG] SystemI::createSound                     :     setdata soundi = 00000249851214F8 : node = 000002494F7AAE90
[LOG] SystemI::createSound                     :     add node to async list : head = 00000245018F27D8.  list count = 2
[LOG] SystemI::createSoundInternal             :     Stream 0/1: name='ChuchotFantome2', format=5, channels=2, frequency=48000, lengthbytes=449632, lengthpcm=1900800, pcmblocksize=0, loopstart=0, loopend=0, mode=0x00000000, channelmask=0x00000000, channelorder=0, peakvolume=0.683685.
[LOG] AsyncThread::threadFunc                  : Finished Asynchronous operation on sound 000002498511F4E8
[LOG] AsyncThread::threadFunc                  : Starting Asynchronous operation on sound 000002498511EAC8
[LOG] SystemI::createSoundInternal             :     Create name='FmodProject/Second/Build/Desktop/Sounds.bank', mode=0x02010082
[LOG] SystemI::createSoundInternal             :     exinfo->cbsize             = 224
[LOG] SystemI::createSoundInternal             :     exinfo->length             = 3620256
[LOG] SystemI::createSoundInternal             :     exinfo->fileoffset         = 54336
[LOG] SystemI::createSoundInternal             :     exinfo->numsubsounds       = 1
[LOG] SystemI::createSoundInternal             :     exinfo->inclusionlist      = 000002494F7AAD20
[LOG] SystemI::createSoundInternal             :     exinfo->inclusionlistnum   = 1
[LOG] SystemI::createSoundInternal             :     exinfo->suggestedsoundtype = 5
[LOG] SystemI::createSoundInternal             :     exinfo->initialseekpostype = 1
[LOG] SystemI::createSoundInternal             :     Stream 0/1: name='ChuchotFantome', format=5, channels=2, frequency=48000, lengthbytes=466720, lengthpcm=1883324, pcmblocksize=0, loopstart=0, loopend=0, mode=0x00000000, channelmask=0x00000000, channelorder=0, peakvolume=0.907074.
[LOG] AsyncThread::threadFunc                  : Finished Asynchronous operation on sound 000002498511EAC8
[LOG] AsyncThread::threadFunc                  : Starting Asynchronous operation on sound 000002498511F698
[LOG] SystemI::createSoundInternal             :     Create name='FmodProject/Second/Build/Desktop/Sounds.bank', mode=0x02010082
[LOG] SystemI::createSoundInternal             :     exinfo->cbsize             = 224
[LOG] SystemI::createSoundInternal             :     exinfo->length             = 3620256
[LOG] SystemI::createSoundInternal             :     exinfo->fileoffset         = 54336
[LOG] SystemI::createSoundInternal             :     exinfo->numsubsounds       = 1
[LOG] SystemI::createSoundInternal             :     exinfo->inclusionlist      = 000002494F7AAE60
[LOG] SystemI::createSoundInternal             :     exinfo->inclusionlistnum   = 1
[LOG] SystemI::createSoundInternal             :     exinfo->suggestedsoundtype = 5
[LOG] SystemI::createSoundInternal             :     exinfo->initialseekposition = 37500
[LOG] SystemI::createSoundInternal             :     exinfo->initialseekpostype = 1
[LOG] SystemI::createSoundInternal             :     Stream 0/1: name='ChuchotFantome', format=5, channels=2, frequency=48000, lengthbytes=466720, lengthpcm=1883324, pcmblocksize=0, loopstart=0, loopend=0, mode=0x00000000, channelmask=0x00000000, channelorder=0, peakvolume=0.907074.
[LOG] AsyncThread::threadFunc                  : Finished Asynchronous operation on sound 000002498511F698
[LOG] AsyncThread::threadFunc                  : Starting Asynchronous operation on sound 00000249851214F8
[LOG] SystemI::createSoundInternal             :     Create name='FmodProject/Second/Build/Desktop/Sounds.bank', mode=0x02010082
[LOG] SystemI::createSoundInternal             :     exinfo->cbsize             = 224
[LOG] SystemI::createSoundInternal             :     exinfo->length             = 3620256
[LOG] SystemI::createSoundInternal             :     exinfo->fileoffset         = 54336
[LOG] SystemI::createSoundInternal             :     exinfo->numsubsounds       = 1
[LOG] SystemI::createSoundInternal             :     exinfo->inclusionlist      = 000002494F7AAFA0
[LOG] SystemI::createSoundInternal             :     exinfo->inclusionlistnum   = 1
[LOG] SystemI::createSoundInternal             :     exinfo->suggestedsoundtype = 5
[LOG] SystemI::createSoundInternal             :     exinfo->initialseekpostype = 1
[LOG] SystemI::createSoundInternal             :     Stream 0/1: name='ChuchotFantome2', format=5, channels=2, frequency=48000, lengthbytes=449632, lengthpcm=1900800, pcmblocksize=0, loopstart=0, loopend=0, mode=0x00000000, channelmask=0x00000000, channelorder=0, peakvolume=0.683685.
[LOG] AsyncThread::threadFunc                  : Finished Asynchronous operation on sound 00000249851214F8
[LOG] AsyncThread::threadFunc                  : Starting Asynchronous operation on sound 0000024692FCBCB8
[LOG] AsyncThread::threadFunc                  : Finished Asynchronous operation on sound 0000024692FCBCB8
[LOG] AsyncThread::threadFunc                  : Starting Asynchronous operation on sound 0000024692FCD7B8
[LOG] AsyncThread::threadFunc                  : Finished Asynchronous operation on sound 0000024692FCD7B8
[LOG] SoundI::release                          : ChuchotFantome (000002498511F698)
[LOG] SoundI::release                          :     ChuchotFantome (00000245084E7AA8)
[LOG] SoundI::release                          :     ChuchotFantome (0000024692FCBE68)
[LOG] SoundI::release                          : ChuchotFantome2 (000002498511F4E8)
[LOG] SoundI::release                          :     ChuchotFantome2 (000002452AEE2578)
[LOG] SoundI::release                          :     ChuchotFantome2 (0000024692FCEDA8)
[WRN] PlaylistInstrumentInstance::startFullLengthHook : Attempting to schedule a sound in the past, this could cause inaccurate playback.
[WRN] PlaylistInstrumentInstance::startFullLengthHook : Attempting to schedule a sound in the past, this could cause inaccurate playback.
[LOG] SoundI::release                          :  (000002452CF06DB8)
[LOG] SoundI::release                          :     sfx_footstep1 (1) (00000245C82FDF68)
[LOG] SoundI::release                          :  (000002450436F448)
[LOG] SoundI::release                          :     sfx_footstep2 (00000245D164BAE8)
[LOG] SoundI::release                          :  (00000246F57C9348)
[LOG] SoundI::release                          :     sfx_footstep5 (000002495D3F1768)
[LOG] SoundI::release                          :  (000002452CF07658)
[LOG] SoundI::release                          :     sfx_footstep4 (00000245C82FEC68)
[LOG] SoundI::release                          :  (00000246F57C91D8)
[LOG] SoundI::release                          :     Frottement1 (000002495D3F0DA8)
[LOG] SoundI::release                          :  (000002452CF077C8)
[LOG] SoundI::release                          :     Frottement2 (00000245C82FE788)
[LOG] SoundI::release                          :  (000002452CF07C18)
[LOG] SoundI::release                          :     Frottement3 (00000245C82FE5E8)
[LOG] SoundI::release                          :  (00000246F57CABB8)
[LOG] SoundI::release                          :     OuverturePorte (000002495D3F10E8)
[LOG] SoundI::release                          : ChuchotFantome2 (00000249851214F8)
[LOG] SoundI::release                          :     ChuchotFantome2 (00000245084E4848)
[LOG] SoundI::release                          :     ChuchotFantome2 (0000024692FCD7B8)
[LOG] SoundI::release                          : ChuchotFantome (000002498511EAC8)
[LOG] SoundI::release                          :     ChuchotFantome (000002452AEE2BF8)
[LOG] SoundI::release                          :     ChuchotFantome (0000024692FCBCB8)
[LOG] SoundI::release                          : suspense-dark-ambient-8413 (000002486A1CF158)
[LOG] SoundI::release                          :     suspense-dark-ambient-8413 (000002452AEE1A18)
[LOG] SoundI::release                          :     suspense-dark-ambient-8413 (0000024692FCEA48)
[LOG] SoundI::release                          :  (000002452CF084B8)
[LOG] SoundI::release                          :     BruitCoursePiedNu1 (00000245C82FE928)
[LOG] SoundI::release                          :  (0000024501285A68)
[LOG] SoundI::release                          :     BruitCoursePiedNu2 (000002450B0590E8)
[LOG] SoundI::release                          :  (0000024501285D48)
[LOG] SoundI::release                          :     BruitCoursePiedNu3 (000002450B058A68)
[LOG] SoundI::release                          :  (00000246F57CAD28)
[LOG] SoundI::release                          :     PorteGrincante1 (000002495D3F1288)
[LOG] SoundI::release                          :  (0000024501285788)
[LOG] SoundI::release                          :     PorteGrincante2 (000002450B059428)
[LOG] SoundI::release                          :  (000002452CF07208)
[LOG] SoundI::release                          :     PorteGrincante3 (00000246E20413F8)
[LOG] SoundI::release                          :  (00000246F57CA8D8)
[LOG] SoundI::release                          :     BruyantBruitSourd (000002464A9B4268)
[LOG] Thread::callback                         : FMOD Studio update thread finished.
[LOG] Thread::callback                         : FMOD Studio bank load thread finished.
[LOG] Profile::disconnectAll                   : Profiler disconnecting all clients
[LOG] Thread::callback                         : FMOD Studio sample load thread finished.
[LOG] LiveUpdate::release                      : 
[LOG] LiveUpdate::reset                        : Reset connection (reason Disconnected)
[LOG] Thread::callback                         : FMOD stream thread finished.
[LOG] Thread::callback                         : FMOD mixer thread finished.
[LOG] Profile::disconnectAll                   : Profiler disconnecting all clients
[LOG] SystemI::close                           : Closed.
[LOG] Thread::callback                         : FMOD Studio bank load thread finished.
[LOG] Thread::callback                         : FMOD Studio sample load thread finished.
[LOG] LiveUpdate::release                      : 
[LOG] LiveUpdate::reset                        : Reset connection (reason Disconnected)
[LOG] Thread::callback                         : FMOD stream thread finished.
[LOG] Thread::callback                         : FMOD mixer thread finished.
[LOG] SystemI::close                           : Closed.
[LOG] Thread::callback                         : FMOD nonblocking thread (0) finished.
[LOG] Thread::callback                         : FMOD file thread finished.
